=== Starting upscale at Sat Jun 13 23:53:17 WAT 2026 ===
Model: realesr-animevideov3-x3
Scale: 3 (1280x720 -> 3840x2160)
Total frames: 192

99.04%
[0/192] 11s — 6096798KB
99.04%
[1/192] 12s — 6095794KB
99.04%
[2/192] 11s — 6091604KB
99.04%
[3/192] 12s — 6094902KB
99.04%
[4/192] 11s — 6100874KB
99.04%
[5/192] 12s — 6093504KB
99.04%
[6/192] 11s — 6100966KB
99.04%
[7/192] 12s — 6095636KB
99.04%
[8/192] 11s — 6105650KB
99.04%
[9/192] 12s — 6100264KB
99.04%
[10/192] 11s — 6101998KB
99.04%
[11/192] 12s — 6095130KB
99.04%
[12/192] 11s — 6108492KB
99.04%
[13/192] 12s — 6097506KB
99.04%
[14/192] 11s — 6112318KB
99.04%
[15/192] 11s — 6103060KB
99.04%
[16/192] 12s — 6106994KB
99.04%
[17/192] 11s — 6101204KB
99.04%
[18/192] 12s — 6102332KB
99.04%
[19/192] 11s — 6104312KB
99.04%
[20/192] 11s — 6111332KB
99.04%
[21/192] 12s — 6105912KB
99.04%
[22/192] 11s — 6099498KB
99.04%
[23/192] 13s — 6106576KB
99.04%
[24/192] 11s — 6108978KB
99.04%
[25/192] 12s — 6100806KB
99.04%
[26/192] 11s — 6094442KB
99.04%
[27/192] 12s — 6102122KB
99.04%
[28/192] 11s — 6103192KB
99.04%
[29/192] 12s — 6098022KB
99.04%
[30/192] 11s — 6092236KB
99.04%
[31/192] 12s — 6092854KB
99.04%
[32/192] 11s — 6094282KB
99.04%
[33/192] 12s — 6076970KB
99.04%
[34/192] 11s — 6081212KB
99.04%
[35/192] 12s — 6080214KB
99.04%
[36/192] 11s — 6106472KB
99.04%
[37/192] 13s — 6080602KB
99.04%
[38/192] 16s — 6092780KB
99.04%
[39/192] 15s — 6096636KB
99.04%
[40/192] 16s — 6128246KB
99.04%
[41/192] 14s — 6121664KB
99.04%
[42/192] 15s — 6146010KB
99.04%
[43/192] 13s — 6158518KB
99.04%
[44/192] 14s — 6205194KB
99.04%
[45/192] 14s — 6183036KB
99.04%
[46/192] 16s — 6199706KB
99.04%
[47/192] 15s — 6216744KB
99.04%
[48/192] 15s — 6239372KB
99.04%
[49/192] 13s — 6230100KB
99.04%
[50/192] 14s — 6256610KB
99.04%
[51/192] 11s — 6265220KB
99.04%
[52/192] 11s — 6294802KB
99.04%
[53/192] 14s — 6256438KB
99.04%
[54/192] 13s — 6294602KB
99.04%
[55/192] 15s — 6292458KB
99.04%
[56/192] 15s — 6289366KB
99.04%
[57/192] 15s — 6262710KB
99.04%
[58/192] 15s — 6262914KB
99.04%
[59/192] 15s — 6261228KB
99.04%
[60/192] 15s — 6296950KB
99.04%
[61/192] 15s — 6252330KB
99.04%
[62/192] 16s — 6243076KB
99.04%
[63/192] 16s — 6231400KB
99.04%
[64/192] 13s — 6259878KB
99.04%
[65/192] 15s — 6246088KB
99.04%
[66/192] 16s — 6261490KB
99.04%
[67/192] 13s — 6278792KB
99.04%
[68/192] 14s — 6330592KB
99.04%
[69/192] 15s — 6315466KB
99.04%
[70/192] 16s — 6326082KB
99.04%
[71/192] 15s — 6340784KB
99.04%
[72/192] 11s — 6363002KB
99.04%
[73/192] 11s — 6360606KB
99.04%
[74/192] 10s — 6379458KB
99.04%
[75/192] 11s — 6421900KB
99.04%
[76/192] 11s — 6464086KB
99.04%
[77/192] 11s — 6440664KB
99.04%
[78/192] 11s — 6462688KB
99.04%
[79/192] 10s — 6485758KB
99.04%
[80/192] 12s — 6518076KB
99.04%
[81/192] 12s — 6515886KB
99.04%
[82/192] 14s — 6510018KB
99.04%
[83/192] 17s — 6499360KB
99.04%
[84/192] 15s — 6507786KB
99.04%
[85/192] 15s — 6434870KB
99.04%
[86/192] 16s — 6386938KB
99.04%
[87/192] 15s — 6340256KB
99.04%
[88/192] 14s — 6273886KB
99.04%
[89/192] 13s — 6228490KB
99.04%
[90/192] 15s — 6199574KB
99.04%
[91/192] 15s — 6185840KB
99.04%
[92/192] 15s — 6184376KB
99.04%
[93/192] 13s — 6128942KB
99.04%
[94/192] 19s — 6109248KB
99.04%
[95/192] 17s — 6090670KB
99.04%
[96/192] 13s — 6077264KB
99.04%
[97/192] 10s — 6060420KB
99.04%
[98/192] 11s — 6077530KB
99.04%
[99/192] 14s — 6125996KB
99.04%
[100/192] 17s — 6214746KB
99.04%
[101/192] 15s — 6178628KB
99.04%
[102/192] 15s — 6171898KB
99.04%
[103/192] 15s — 6145152KB
99.04%
[104/192] 18s — 6121026KB
99.04%
[105/192] 15s — 6073332KB
99.04%
[106/192] 14s — 6046540KB
99.04%
[107/192] 16s — 6030492KB
99.04%
[108/192] 19s — 6051430KB
99.04%
[109/192] 13s — 5977380KB
99.04%
[110/192] 11s — 5954674KB
99.04%
[111/192] 12s — 5911718KB
99.04%
[112/192] 11s — 5931988KB
99.04%
[113/192] 11s — 5908646KB
99.04%
[114/192] 13s — 5935960KB
99.04%
[115/192] 12s — 5942726KB
99.04%
[116/192] 12s — 5983602KB
99.04%
[117/192] 12s — 5938814KB
99.04%
[118/192] 13s — 5923028KB
99.04%
[119/192] 12s — 5891902KB
99.04%
[120/192] 11s — 5900724KB
99.04%
[121/192] 12s — 5894414KB
99.04%
[122/192] 11s — 5912988KB
99.04%
[123/192] 11s — 5937140KB
99.04%
[124/192] 11s — 5975554KB
99.04%
[125/192] 13s — 5970450KB
99.04%
[126/192] 11s — 5986704KB
99.04%
[127/192] 12s — 5998442KB
99.04%
[128/192] 13s — 6075266KB
99.04%
[129/192] 15s — 6106254KB
99.04%
[130/192] 13s — 6136534KB
99.04%
[131/192] 15s — 6162292KB
99.04%
[132/192] 13s — 6190904KB
99.04%
[133/192] 14s — 6176350KB
99.04%
[134/192] 14s — 6191238KB
99.04%
[135/192] 15s — 6178440KB
99.04%
[136/192] 20s — 6189774KB
99.04%
[137/192] 13s — 6178762KB
99.04%
[138/192] 11s — 6192746KB
99.04%
[139/192] 12s — 6190588KB
99.04%
[140/192] 12s — 6197422KB
99.04%
[141/192] 12s — 6186666KB
99.04%
[142/192] 11s — 6192916KB
99.04%
[143/192] 12s — 6175180KB
99.04%
[144/192] 11s — 6186606KB
99.04%
[145/192] 11s — 6174110KB
99.04%
[146/192] 11s — 6175132KB
99.04%
[147/192] 12s — 6159458KB
99.04%
[148/192] 11s — 6161856KB
99.04%
[149/192] 11s — 6148140KB
99.04%
[150/192] 13s — 6146412KB
99.04%
[151/192] 15s — 6136916KB
99.04%
[152/192] 17s — 6138900KB
99.04%
[153/192] 16s — 6125008KB
99.04%
[154/192] 12s — 6125352KB
99.04%
[155/192] 13s — 6127282KB
99.04%
[156/192] 14s — 6126558KB
99.04%
[157/192] 12s — 6126196KB
99.04%
[158/192] 11s — 6130308KB
99.04%
[159/192] 11s — 6134690KB
99.04%
[160/192] 12s — 6132780KB
99.04%
[161/192] 12s — 6142124KB
99.04%
[162/192] 12s — 6145150KB
99.04%
[163/192] 11s — 6149586KB
99.04%
[164/192] 12s — 6146496KB
99.04%
[165/192] 13s — 6142354KB
99.04%
[166/192] 13s — 6141884KB
99.04%
[167/192] 12s — 6144744KB
99.04%
[168/192] 13s — 6140622KB
99.04%
[169/192] 13s — 6142890KB
99.04%
[170/192] 14s — 6138486KB
99.04%
[171/192] 13s — 6146230KB
99.04%
[172/192] 14s — 6137958KB
99.04%
[173/192] 13s — 6146114KB
99.04%
[174/192] 13s — 6138224KB
99.04%
[175/192] 14s — 6146602KB
99.04%
[176/192] 13s — 6137340KB
99.04%
[177/192] 13s — 6143354KB
99.04%
[178/192] 13s — 6134836KB
99.04%
[179/192] 13s — 6143316KB
99.04%
[180/192] 13s — 6139610KB
99.04%
[181/192] 15s — 6145374KB
99.04%
[182/192] 13s — 6131578KB
99.04%
[183/192] 15s — 6137624KB
99.04%
[184/192] 17s — 6147066KB
99.04%
[185/192] 15s — 6140284KB
99.04%
[186/192] 13s — 6142542KB
99.04%
[187/192] 13s — 6143972KB
99.04%
[188/192] 14s — 6143446KB
99.04%
[189/192] 13s — 6140484KB
99.04%
[190/192] 14s — 6145108KB
99.04%
[191/192] 13s — 6140812KB

=== Done at Sun Jun 14 00:35:10 WAT 2026 in 2513s ===
